<?xml version="1.0" encoding="UTF-8"?>
<!-- Generated by org.testng.reporters.JUnitXMLReporter -->
<testsuite ignored="4" hostname="K-H-2000448-L" failures="0" tests="12" name="Surefire test" time="22.175" errors="0" timestamp="2024-11-23T18:53:32 IST">
  <testcase classname="api.test.DataDrivenTests" name="testPostuser" time="3.59"/>
  <testcase classname="api.test.DataDrivenTests" name="testPostuser" time="1.491"/>
  <testcase classname="api.test.DataDrivenTests" name="testPostuser" time="1.383"/>
  <testcase classname="api.test.DataDrivenTests" name="testGetUserByName" time="1.686"/>
  <testcase classname="api.test.DataDrivenTests" name="testGetUserByName" time="1.528"/>
  <testcase classname="api.test.DataDrivenTests" name="testGetUserByName" time="1.8"/>
  <testcase classname="api.test.DataDrivenTests" name="testPutuser" time="1.588"/>
  <testcase classname="api.test.DataDrivenTests" name="testPutuser" time="1.343"/>
  <testcase classname="api.test.DataDrivenTests" name="testPutuser" time="1.34"/>
  <testcase classname="api.test.DataDrivenTests" name="testDeleteUserByName" time="1.188"/>
  <testcase classname="api.test.DataDrivenTests" name="testDeleteUserByName" time="1.706"/>
  <testcase classname="api.test.DataDrivenTests" name="testDeleteUserByName" time="1.533"/>
  <testcase classname="api.test.UserTest" name="testPostUser" time="0.0">
    <ignored/>
  </testcase> <!-- testPostUser -->
  <testcase classname="api.test.UserTest" name="testDeleteUserByName" time="0.0">
    <ignored/>
  </testcase> <!-- testDeleteUserByName -->
  <testcase classname="api.test.UserTest" name="testUpdateUserByName" time="0.0">
    <ignored/>
  </testcase> <!-- testUpdateUserByName -->
  <testcase classname="api.test.UserTest" name="testGetUserByName" time="0.0">
    <ignored/>
  </testcase> <!-- testGetUserByName -->
</testsuite> <!-- Surefire test -->
