<?xml version="1.0" encoding="UTF-8"?>
<!-- Generated by org.testng.reporters.JUnitXMLReporter -->
<testsuite ignored="0" hostname="K-H-2000448-L" failures="0" tests="12" name="Default test" time="18.712" errors="0" timestamp="2024-11-19T11:10:21 IST">
  <testcase classname="api.test.DataDrivenTests" name="testPostuser" time="2.662"/>
  <testcase classname="api.test.DataDrivenTests" name="testPostuser" time="1.322"/>
  <testcase classname="api.test.DataDrivenTests" name="testPostuser" time="1.265"/>
  <testcase classname="api.test.DataDrivenTests" name="testGetUserByName" time="1.4"/>
  <testcase classname="api.test.DataDrivenTests" name="testGetUserByName" time="1.328"/>
  <testcase classname="api.test.DataDrivenTests" name="testGetUserByName" time="1.333"/>
  <testcase classname="api.test.DataDrivenTests" name="testPutuser" time="1.275"/>
  <testcase classname="api.test.DataDrivenTests" name="testPutuser" time="1.305"/>
  <testcase classname="api.test.DataDrivenTests" name="testPutuser" time="1.28"/>
  <testcase classname="api.test.DataDrivenTests" name="testDeleteUserByName" time="1.325"/>
  <testcase classname="api.test.DataDrivenTests" name="testDeleteUserByName" time="1.332"/>
  <testcase classname="api.test.DataDrivenTests" name="testDeleteUserByName" time="1.343"/>
</testsuite> <!-- Default test -->
