<?xml version="1.0" encoding="UTF-8"?>
<testng-results ignored="0" total="12" passed="12" failed="0" skipped="0">
  <reporter-output>
  </reporter-output>
  <suite started-at="2024-11-23T18:53:10 IST" name="Surefire suite" finished-at="2024-11-23T18:53:32 IST" duration-ms="22175">
    <groups>
    </groups>
    <test started-at="2024-11-23T18:53:10 IST" name="Surefire test" finished-at="2024-11-23T18:53:32 IST" duration-ms="22175">
      <class name="api.test.DataDrivenTests">
        <test-method is-config="true" signature="setupData()[pri:0, instance:api.test.DataDrivenTests@5c909414]" started-at="2024-11-23T18:53:10 IST" name="setupData" finished-at="2024-11-23T18:53:11 IST" duration-ms="500" status="PASS">
          <reporter-output>
          </reporter-output>
        </test-method> <!-- setupData -->
        <test-method signature="testPostuser(java.lang.String,java.lang.String,java.lang.String,java.lang.String,java.lang.String,java.lang.String,java.lang.String)[pri:1, instance:api.test.DataDrivenTests@5c909414]" started-at="2024-11-23T18:53:12 IST" name="testPostuser" data-provider="Data" finished-at="2024-11-23T18:53:15 IST" duration-ms="3590" status="PASS">
          <params>
            <param index="0">
              <value>
                <![CDATA[1010]]>
              </value>
            </param>
            <param index="1">
              <value>
                <![CDATA[testuser1]]>
              </value>
            </param>
            <param index="2">
              <value>
                <![CDATA[John]]>
              </value>
            </param>
            <param index="3">
              <value>
                <![CDATA[Canedy]]>
              </value>
            </param>
            <param index="4">
              <value>
                <![CDATA[a@gmail.com]]>
              </value>
            </param>
            <param index="5">
              <value>
                <![CDATA[test@1]]>
              </value>
            </param>
            <param index="6">
              <value>
                <![CDATA[1234567897]]>
              </value>
            </param>
          </params>
          <reporter-output>
          </reporter-output>
        </test-method> <!-- testPostuser -->
        <test-method signature="testPostuser(java.lang.String,java.lang.String,java.lang.String,java.lang.String,java.lang.String,java.lang.String,java.lang.String)[pri:1, instance:api.test.DataDrivenTests@5c909414]" started-at="2024-11-23T18:53:15 IST" name="testPostuser" data-provider="Data" finished-at="2024-11-23T18:53:17 IST" duration-ms="1491" status="PASS">
          <params>
            <param index="0">
              <value>
                <![CDATA[1020]]>
              </value>
            </param>
            <param index="1">
              <value>
                <![CDATA[testuser2]]>
              </value>
            </param>
            <param index="2">
              <value>
                <![CDATA[Kim]]>
              </value>
            </param>
            <param index="3">
              <value>
                <![CDATA[Kom]]>
              </value>
            </param>
            <param index="4">
              <value>
                <![CDATA[b@gmail.com]]>
              </value>
            </param>
            <param index="5">
              <value>
                <![CDATA[test@2]]>
              </value>
            </param>
            <param index="6">
              <value>
                <![CDATA[1234567897]]>
              </value>
            </param>
          </params>
          <reporter-output>
          </reporter-output>
        </test-method> <!-- testPostuser -->
        <test-method signature="testPostuser(java.lang.String,java.lang.String,java.lang.String,java.lang.String,java.lang.String,java.lang.String,java.lang.String)[pri:1, instance:api.test.DataDrivenTests@5c909414]" started-at="2024-11-23T18:53:17 IST" name="testPostuser" data-provider="Data" finished-at="2024-11-23T18:53:18 IST" duration-ms="1383" status="PASS">
          <params>
            <param index="0">
              <value>
                <![CDATA[1030]]>
              </value>
            </param>
            <param index="1">
              <value>
                <![CDATA[testuser3]]>
              </value>
            </param>
            <param index="2">
              <value>
                <![CDATA[Smith]]>
              </value>
            </param>
            <param index="3">
              <value>
                <![CDATA[Steve]]>
              </value>
            </param>
            <param index="4">
              <value>
                <![CDATA[c@gmail.com]]>
              </value>
            </param>
            <param index="5">
              <value>
                <![CDATA[test@3]]>
              </value>
            </param>
            <param index="6">
              <value>
                <![CDATA[1234567897]]>
              </value>
            </param>
          </params>
          <reporter-output>
          </reporter-output>
        </test-method> <!-- testPostuser -->
        <test-method signature="testGetUserByName(java.lang.String)[pri:2, instance:api.test.DataDrivenTests@5c909414]" started-at="2024-11-23T18:53:18 IST" name="testGetUserByName" data-provider="UserNames" finished-at="2024-11-23T18:53:20 IST" duration-ms="1686" status="PASS">
          <params>
            <param index="0">
              <value>
                <![CDATA[testuser1]]>
              </value>
            </param>
          </params>
          <reporter-output>
          </reporter-output>
        </test-method> <!-- testGetUserByName -->
        <test-method signature="testGetUserByName(java.lang.String)[pri:2, instance:api.test.DataDrivenTests@5c909414]" started-at="2024-11-23T18:53:20 IST" name="testGetUserByName" data-provider="UserNames" finished-at="2024-11-23T18:53:21 IST" duration-ms="1528" status="PASS">
          <params>
            <param index="0">
              <value>
                <![CDATA[testuser2]]>
              </value>
            </param>
          </params>
          <reporter-output>
          </reporter-output>
        </test-method> <!-- testGetUserByName -->
        <test-method signature="testGetUserByName(java.lang.String)[pri:2, instance:api.test.DataDrivenTests@5c909414]" started-at="2024-11-23T18:53:21 IST" name="testGetUserByName" data-provider="UserNames" finished-at="2024-11-23T18:53:23 IST" duration-ms="1800" status="PASS">
          <params>
            <param index="0">
              <value>
                <![CDATA[testuser3]]>
              </value>
            </param>
          </params>
          <reporter-output>
          </reporter-output>
        </test-method> <!-- testGetUserByName -->
        <test-method signature="testPutuser(java.lang.String,java.lang.String,java.lang.String,java.lang.String,java.lang.String,java.lang.String,java.lang.String)[pri:3, instance:api.test.DataDrivenTests@5c909414]" started-at="2024-11-23T18:53:24 IST" name="testPutuser" data-provider="Data1" finished-at="2024-11-23T18:53:25 IST" duration-ms="1588" status="PASS">
          <params>
            <param index="0">
              <value>
                <![CDATA[1010]]>
              </value>
            </param>
            <param index="1">
              <value>
                <![CDATA[testuser4]]>
              </value>
            </param>
            <param index="2">
              <value>
                <![CDATA[John1]]>
              </value>
            </param>
            <param index="3">
              <value>
                <![CDATA[Canedyy]]>
              </value>
            </param>
            <param index="4">
              <value>
                <![CDATA[ak@gmail.com]]>
              </value>
            </param>
            <param index="5">
              <value>
                <![CDATA[test@18]]>
              </value>
            </param>
            <param index="6">
              <value>
                <![CDATA[1234567897]]>
              </value>
            </param>
          </params>
          <reporter-output>
          </reporter-output>
        </test-method> <!-- testPutuser -->
        <test-method signature="testPutuser(java.lang.String,java.lang.String,java.lang.String,java.lang.String,java.lang.String,java.lang.String,java.lang.String)[pri:3, instance:api.test.DataDrivenTests@5c909414]" started-at="2024-11-23T18:53:25 IST" name="testPutuser" data-provider="Data1" finished-at="2024-11-23T18:53:27 IST" duration-ms="1343" status="PASS">
          <params>
            <param index="0">
              <value>
                <![CDATA[1020]]>
              </value>
            </param>
            <param index="1">
              <value>
                <![CDATA[testuser5]]>
              </value>
            </param>
            <param index="2">
              <value>
                <![CDATA[Kim2]]>
              </value>
            </param>
            <param index="3">
              <value>
                <![CDATA[Komm]]>
              </value>
            </param>
            <param index="4">
              <value>
                <![CDATA[bc@gmail.com]]>
              </value>
            </param>
            <param index="5">
              <value>
                <![CDATA[test@29]]>
              </value>
            </param>
            <param index="6">
              <value>
                <![CDATA[1234567897]]>
              </value>
            </param>
          </params>
          <reporter-output>
          </reporter-output>
        </test-method> <!-- testPutuser -->
        <test-method signature="testPutuser(java.lang.String,java.lang.String,java.lang.String,java.lang.String,java.lang.String,java.lang.String,java.lang.String)[pri:3, instance:api.test.DataDrivenTests@5c909414]" started-at="2024-11-23T18:53:27 IST" name="testPutuser" data-provider="Data1" finished-at="2024-11-23T18:53:28 IST" duration-ms="1340" status="PASS">
          <params>
            <param index="0">
              <value>
                <![CDATA[1030]]>
              </value>
            </param>
            <param index="1">
              <value>
                <![CDATA[testuser6]]>
              </value>
            </param>
            <param index="2">
              <value>
                <![CDATA[Smith3]]>
              </value>
            </param>
            <param index="3">
              <value>
                <![CDATA[Stevee]]>
              </value>
            </param>
            <param index="4">
              <value>
                <![CDATA[cd@gmail.com]]>
              </value>
            </param>
            <param index="5">
              <value>
                <![CDATA[test@34]]>
              </value>
            </param>
            <param index="6">
              <value>
                <![CDATA[1234567897]]>
              </value>
            </param>
          </params>
          <reporter-output>
          </reporter-output>
        </test-method> <!-- testPutuser -->
        <test-method signature="testDeleteUserByName(java.lang.String)[pri:4, instance:api.test.DataDrivenTests@5c909414]" started-at="2024-11-23T18:53:28 IST" name="testDeleteUserByName" data-provider="UserNames" finished-at="2024-11-23T18:53:29 IST" duration-ms="1188" status="PASS">
          <params>
            <param index="0">
              <value>
                <![CDATA[testuser1]]>
              </value>
            </param>
          </params>
          <reporter-output>
          </reporter-output>
        </test-method> <!-- testDeleteUserByName -->
        <test-method signature="testDeleteUserByName(java.lang.String)[pri:4, instance:api.test.DataDrivenTests@5c909414]" started-at="2024-11-23T18:53:29 IST" name="testDeleteUserByName" data-provider="UserNames" finished-at="2024-11-23T18:53:31 IST" duration-ms="1706" status="PASS">
          <params>
            <param index="0">
              <value>
                <![CDATA[testuser2]]>
              </value>
            </param>
          </params>
          <reporter-output>
          </reporter-output>
        </test-method> <!-- testDeleteUserByName -->
        <test-method signature="testDeleteUserByName(java.lang.String)[pri:4, instance:api.test.DataDrivenTests@5c909414]" started-at="2024-11-23T18:53:31 IST" name="testDeleteUserByName" data-provider="UserNames" finished-at="2024-11-23T18:53:32 IST" duration-ms="1533" status="PASS">
          <params>
            <param index="0">
              <value>
                <![CDATA[testuser3]]>
              </value>
            </param>
          </params>
          <reporter-output>
          </reporter-output>
        </test-method> <!-- testDeleteUserByName -->
      </class> <!-- api.test.DataDrivenTests -->
    </test> <!-- Surefire test -->
  </suite> <!-- Surefire suite -->
</testng-results>
