<?xml version="1.0" encoding="UTF-8"?>
<testng-results ignored="0" total="4" passed="4" failed="0" skipped="0">
  <reporter-output>
  </reporter-output>
  <suite started-at="2024-11-21T21:10:55 IST" name="PetSuite" finished-at="2024-11-21T21:11:07 IST" duration-ms="11390">
    <groups>
    </groups>
    <test started-at="2024-11-21T21:10:55 IST" name="PetTests" finished-at="2024-11-21T21:11:07 IST" duration-ms="11390">
      <class name="api.test.UserTest2">
        <test-method is-config="true" signature="setupData()[pri:0, instance:api.test.UserTest2@62379589]" started-at="2024-11-21T21:10:56 IST" name="setupData" finished-at="2024-11-21T21:10:56 IST" duration-ms="612" status="PASS">
          <reporter-output>
          </reporter-output>
        </test-method> <!-- setupData -->
        <test-method signature="testPostUser()[pri:1, instance:api.test.UserTest2@62379589]" started-at="2024-11-21T21:10:56 IST" name="testPostUser" finished-at="2024-11-21T21:10:59 IST" duration-ms="2931" status="PASS">
          <reporter-output>
          </reporter-output>
        </test-method> <!-- testPostUser -->
        <test-method signature="testGetUserByName()[pri:2, instance:api.test.UserTest2@62379589]" started-at="2024-11-21T21:10:59 IST" name="testGetUserByName" finished-at="2024-11-21T21:11:01 IST" duration-ms="1556" status="PASS">
          <reporter-output>
          </reporter-output>
        </test-method> <!-- testGetUserByName -->
        <test-method signature="testUpdateUserByName()[pri:3, instance:api.test.UserTest2@62379589]" started-at="2024-11-21T21:11:01 IST" name="testUpdateUserByName" finished-at="2024-11-21T21:11:04 IST" duration-ms="3483" status="PASS">
          <reporter-output>
          </reporter-output>
        </test-method> <!-- testUpdateUserByName -->
        <test-method signature="testDeleteUserByName()[pri:4, instance:api.test.UserTest2@62379589]" started-at="2024-11-21T21:11:04 IST" name="testDeleteUserByName" finished-at="2024-11-21T21:11:07 IST" duration-ms="2542" status="PASS">
          <reporter-output>
          </reporter-output>
        </test-method> <!-- testDeleteUserByName -->
      </class> <!-- api.test.UserTest2 -->
    </test> <!-- PetTests -->
  </suite> <!-- PetSuite -->
</testng-results>
