<?xml version="1.0" encoding="UTF-8"?>
<!-- Generated by org.testng.reporters.JUnitXMLReporter -->
<testsuite ignored="0" hostname="K-H-2000448-L" failures="0" tests="4" name="PetTests" time="11.39" errors="0" timestamp="2024-11-21T21:11:07 IST">
  <testcase classname="api.test.UserTest2" name="testPostUser" time="2.931"/>
  <testcase classname="api.test.UserTest2" name="testGetUserByName" time="1.556"/>
  <testcase classname="api.test.UserTest2" name="testUpdateUserByName" time="3.483"/>
  <testcase classname="api.test.UserTest2" name="testDeleteUserByName" time="2.542"/>
</testsuite> <!-- PetTests -->
